This is pdfTeX, Version 3.141592653-2.6-1.40.22 (TeX Live 2021) (preloaded format=pdflatex 2022.4.2)  2 APR 2022 23:10
entering extended mode
 restricted \write18 enabled.
 %&-line parsing enabled.
**hmm.tex
(./hmm.tex
LaTeX2e <2020-10-01> patch level 4
L3 programming layer <2021-02-18>
(/usr/local/texlive/2021basic/texmf-dist/tex/latex/base/article.cls
Document Class: article 2020/04/10 v1.4m Standard LaTeX document class
(/usr/local/texlive/2021basic/texmf-dist/tex/latex/base/size12.clo
File: size12.clo 2020/04/10 v1.4m Standard LaTeX file (size option)
)
\c@part=\count179
\c@section=\count180
\c@subsection=\count181
\c@subsubsection=\count182
\c@paragraph=\count183
\c@subparagraph=\count184
\c@figure=\count185
\c@table=\count186
\abovecaptionskip=\skip47
\belowcaptionskip=\skip48
\bibindent=\dimen138
)
(/usr/local/texlive/2021basic/texmf-dist/tex/latex/l3backend/l3backend-pdftex.d
ef
File: l3backend-pdftex.def 2021-03-18 L3 backend support: PDF output (pdfTeX)
\l__color_backend_stack_int=\count187
\l__pdf_internal_box=\box47
)
No file hmm.aux.
\openout1 = `hmm.aux'.

LaTeX Font Info:    Checking defaults for OML/cmm/m/it on input line 2.
LaTeX Font Info:    ... okay on input line 2.
LaTeX Font Info:    Checking defaults for OMS/cmsy/m/n on input line 2.
LaTeX Font Info:    ... okay on input line 2.
LaTeX Font Info:    Checking defaults for OT1/cmr/m/n on input line 2.
LaTeX Font Info:    ... okay on input line 2.
LaTeX Font Info:    Checking defaults for T1/cmr/m/n on input line 2.
LaTeX Font Info:    ... okay on input line 2.
LaTeX Font Info:    Checking defaults for TS1/cmr/m/n on input line 2.
LaTeX Font Info:    ... okay on input line 2.
LaTeX Font Info:    Checking defaults for OMX/cmex/m/n on input line 2.
LaTeX Font Info:    ... okay on input line 2.
LaTeX Font Info:    Checking defaults for U/cmr/m/n on input line 2.
LaTeX Font Info:    ... okay on input line 2.

Underfull \hbox (badness 10000) in paragraph at lines 4--5

 []

[1

{/usr/local/texlive/2021basic/texmf-var/fonts/map/pdftex/updmap/pdftex.map}]
Underfull \hbox (badness 10000) in paragraph at lines 7--17

 []

[2]
Underfull \hbox (badness 10000) in paragraph at lines 19--27

 []

[3]
Underfull \hbox (badness 10000) in paragraph at lines 29--32

 []

[4]
Underfull \hbox (badness 10000) in paragraph at lines 34--37

 []

[5]
Underfull \hbox (badness 10000) in paragraph at lines 39--45

 []

[6]
Underfull \hbox (badness 10000) in paragraph at lines 47--52

 []

[7]
Underfull \hbox (badness 10000) in paragraph at lines 54--65

 []

[8]
Underfull \hbox (badness 10000) in paragraph at lines 67--69

 []

[9]
Underfull \hbox (badness 10000) in paragraph at lines 71--73

 []

[10]
Underfull \hbox (badness 10000) in paragraph at lines 75--77

 []

[11]
Underfull \hbox (badness 10000) in paragraph at lines 79--83

 []

[12]
Underfull \hbox (badness 10000) in paragraph at lines 85--87

 []

[13]
Underfull \hbox (badness 10000) in paragraph at lines 89--91

 []

[14]
Underfull \hbox (badness 10000) in paragraph at lines 93--95

 []

[15]
Underfull \hbox (badness 10000) in paragraph at lines 97--99

 []

[16]
Underfull \hbox (badness 10000) in paragraph at lines 101--102

 []

[17]
Underfull \hbox (badness 10000) in paragraph at lines 104--111

 []

[18]
Underfull \hbox (badness 10000) in paragraph at lines 113--117

 []

[19]
Underfull \hbox (badness 10000) in paragraph at lines 119--123

 []

[20] (./hmm.aux) ) 
Here is how much of TeX's memory you used:
 383 strings out of 480445
 6854 string characters out of 5892392
 287177 words of memory out of 5000000
 17740 multiletter control sequences out of 15000+600000
 404641 words of font info for 31 fonts, out of 8000000 for 9000
 319 hyphenation exceptions out of 8191
 44i,4n,50p,165b,102s stack positions out of 5000i,500n,10000p,200000b,80000s
</usr/local/texlive/2021basic/texmf-dist/fonts/type1/public/a
msfonts/cm/cmbx12.pfb></usr/local/texlive/2021basic/texmf-dist/fonts/type1/publ
ic/amsfonts/cm/cmr12.pfb>
Output written on hmm.pdf (20 pages, 44537 bytes).
PDF statistics:
 77 PDF objects out of 1000 (max. 8388607)
 52 compressed objects within 1 object stream
 0 named destinations out of 1000 (max. 500000)
 1 words of extra memory for PDF output out of 10000 (max. 10000000)

